Array
(
)
Array
(
    [reference] => Array
        (
            [name] => Script-Methodology-Presentation-in-ITEC-116.txt
            [type] => text/plain
            [tmp_name] => C:\xampp\tmp\php5A80.tmp
            [error] => 0
            [size] => 2688
        )

)
Array
(
    [reference] => Array
        (
            [name] => info assurance and security.rtf
            [type] => application/rtf
            [tmp_name] => C:\xampp\tmp\phpC437.tmp
            [error] => 0
            [size] => 4686
        )

)
